<?xml version="1.0" encoding="UTF-8"?>
<!-- Generated by org.testng.reporters.JUnitXMLReporter -->
<testsuite ignored="0" hostname="Lakshmis-Laptop.broadband" failures="2" tests="4" name="Surefire test" time="0.773" errors="0" timestamp="2024-04-20T22:37:55 BST">
  <testcase classname="POReqresAPITest" name="testDeleteMethod" time="0.438"/>
  <testcase classname="POReqresAPITest" name="testGetMethod" time="0.19"/>
  <testcase classname="POReqresAPITest" name="testPostMethod" time="0.006">
    <failure type="java.lang.IllegalStateException" message="Cannot serialize object because no JSON serializer found in classpath. Please put Jackson (Databind), Gson, Johnzon, or Yasson in the classpath.">
      <![CDATA[java.lang.IllegalStateException: Cannot serialize object because no JSON serializer found in classpath. Please put Jackson (Databind), Gson, Johnzon, or Yasson in the classpath.
at org.codehaus.groovy.runtime.callsite.ConstructorSite$ConstructorSiteNoUnwrapNoCoerce.callConstructor(ConstructorSite.java:108)
at org.codehaus.groovy.runtime.callsite.CallSiteArray.defaultCallConstructor(CallSiteArray.java:57)
at org.codehaus.groovy.runtime.callsite.AbstractCallSite.callConstructor(AbstractCallSite.java:263)
at org.codehaus.groovy.runtime.callsite.AbstractCallSite.callConstructor(AbstractCallSite.java:277)
at io.restassured.internal.mapping.ObjectMapping.serialize(ObjectMapping.groovy:164)
at io.restassured.internal.mapping.ObjectMapping$serialize.call(Unknown Source)
at org.codehaus.groovy.runtime.callsite.CallSiteArray.defaultCall(CallSiteArray.java:45)
at org.codehaus.groovy.runtime.callsite.AbstractCallSite.call(AbstractCallSite.java:125)
at io.restassured.internal.RequestSpecificationImpl.body(RequestSpecificationImpl.groovy:770)
at POReqresAPITest.testPostMethod(POReqresAPITest.java:67)
at java.base/java.util.ArrayList.forEach(ArrayList.java:1597)
... Removed 34 stack frames]]>
    </failure>
  </testcase> <!-- testPostMethod -->
  <testcase classname="POReqresAPITest" name="testPutMethod" time="0.0">
    <failure type="java.lang.IllegalStateException" message="Cannot serialize object because no JSON serializer found in classpath. Please put Jackson (Databind), Gson, Johnzon, or Yasson in the classpath.">
      <![CDATA[java.lang.IllegalStateException: Cannot serialize object because no JSON serializer found in classpath. Please put Jackson (Databind), Gson, Johnzon, or Yasson in the classpath.
at org.codehaus.groovy.runtime.callsite.ConstructorSite$ConstructorSiteNoUnwrapNoCoerce.callConstructor(ConstructorSite.java:108)
at org.codehaus.groovy.runtime.callsite.AbstractCallSite.callConstructor(AbstractCallSite.java:277)
at io.restassured.internal.mapping.ObjectMapping.serialize(ObjectMapping.groovy:164)
at io.restassured.internal.mapping.ObjectMapping$serialize.call(Unknown Source)
at io.restassured.internal.RequestSpecificationImpl.body(RequestSpecificationImpl.groovy:770)
at POReqresAPITest.testPutMethod(POReqresAPITest.java:28)
at java.base/java.util.ArrayList.forEach(ArrayList.java:1597)
... Removed 34 stack frames]]>
    </failure>
  </testcase> <!-- testPutMethod -->
</testsuite> <!-- Surefire test -->
